<?xml version="1.0" encoding="UTF-8"?>
<testng-results ignored="0" total="1" passed="1" failed="0" skipped="0">
  <reporter-output>
  </reporter-output>
  <suite started-at="2023-08-13T12:45:04 ICT" name="Default suite" finished-at="2023-08-13T12:45:08 ICT" duration-ms="3197">
    <groups>
    </groups>
    <test started-at="2023-08-13T12:45:04 ICT" name="Default test" finished-at="2023-08-13T12:45:08 ICT" duration-ms="3197">
      <class name="automation.testsuite.Homework_Day12">
        <test-method is-config="true" signature="openPage()[pri:0, instance:automation.testsuite.Homework_Day12@480d3575]" started-at="2023-08-13T12:45:04 ICT" name="openPage" finished-at="2023-08-13T12:45:07 ICT" duration-ms="2503" status="PASS">
          <reporter-output>
          </reporter-output>
        </test-method> <!-- openPage -->
        <test-method signature="handleDropdown()[pri:0, instance:automation.testsuite.Homework_Day12@480d3575]" started-at="2023-08-13T12:45:07 ICT" name="handleDropdown" finished-at="2023-08-13T12:45:08 ICT" duration-ms="653" status="PASS">
          <reporter-output>
          </reporter-output>
        </test-method> <!-- handleDropdown -->
      </class> <!-- automation.testsuite.Homework_Day12 -->
    </test> <!-- Default test -->
  </suite> <!-- Default suite -->
</testng-results>
